{"label":"MY LABEL FOR BARBERS APP","level":"info","message":"User login successfully","timestamp":"03-08-2025 20:01:3131"}
{"label":"MY LABEL FOR BARBERS APP","level":"info","message":"User login successfully","timestamp":"03-08-2025 20:01:3131"}
{"label":"MY LABEL FOR BARBERS APP","level":"info","message":"User login successfully","timestamp":"03-08-2025 20:01:3131"}
{"label":"MY LABEL FOR BARBERS APP","level":"warn","message":"User login successfully","timestamp":"03-08-2025 20:01:3131"}
{"label":"MY LABEL FOR BARBERS APP","level":"warn","message":"User login successfully","timestamp":"03-08-2025 20:01:3131"}
{"label":"MY LABEL FOR BARBERS APP","level":"warn","message":"User login successfully","timestamp":"03-08-2025 20:01:3131"}
{"label":"MY LABEL FOR BARBERS APP","level":"info","message":"Barber created successfully","timestamp":"03-08-2025 20:05:1111"}
{"label":"MY LABEL FOR BARBERS APP","level":"info","message":"Barber created successfully","timestamp":"03-08-2025 20:05:1111"}
{"label":"MY LABEL FOR BARBERS APP","level":"info","message":"Barber created successfully","timestamp":"03-08-2025 20:05:1111"}
{"label":"MY LABEL FOR BARBERS APP","level":"warn","message":"Barber created successfully","timestamp":"03-08-2025 20:05:1111"}
{"label":"MY LABEL FOR BARBERS APP","level":"warn","message":"Barber created successfully","timestamp":"03-08-2025 20:05:1111"}
{"label":"MY LABEL FOR BARBERS APP","level":"warn","message":"Barber created successfully","timestamp":"03-08-2025 20:05:1111"}
{"label":"MY LABEL FOR BARBERS APP","level":"error","message":"Failed to create barber","timestamp":"03-08-2025 20:19:4646"}
{"label":"MY LABEL FOR BARBERS APP","level":"error","message":"Failed to create barber","timestamp":"03-08-2025 20:19:4646"}
{"label":"MY LABEL FOR BARBERS APP","level":"error","message":"Failed to create barber","timestamp":"03-08-2025 20:19:4646"}
{"label":"MY LABEL FOR BARBERS APP","level":"info","message":"User login successfully","timestamp":"03-08-2025 20:20:1212"}
{"label":"MY LABEL FOR BARBERS APP","level":"info","message":"User login successfully","timestamp":"03-08-2025 20:20:1212"}
{"label":"MY LABEL FOR BARBERS APP","level":"info","message":"User login successfully","timestamp":"03-08-2025 20:20:1212"}
{"label":"MY LABEL FOR BARBERS APP","level":"warn","message":"User login successfully","timestamp":"03-08-2025 20:20:1212"}
{"label":"MY LABEL FOR BARBERS APP","level":"warn","message":"User login successfully","timestamp":"03-08-2025 20:20:1212"}
{"label":"MY LABEL FOR BARBERS APP","level":"warn","message":"User login successfully","timestamp":"03-08-2025 20:20:1212"}
{"label":"MY LABEL FOR BARBERS APP","level":"info","message":"Barber login successfully","timestamp":"03-08-2025 20:20:5252"}
{"label":"MY LABEL FOR BARBERS APP","level":"info","message":"Barber login successfully","timestamp":"03-08-2025 20:20:5252"}
{"label":"MY LABEL FOR BARBERS APP","level":"info","message":"Barber login successfully","timestamp":"03-08-2025 20:20:5252"}
{"label":"MY LABEL FOR BARBERS APP","level":"warn","message":"Barber login successfully","timestamp":"03-08-2025 20:20:5252"}
{"label":"MY LABEL FOR BARBERS APP","level":"warn","message":"Barber login successfully","timestamp":"03-08-2025 20:20:5252"}
{"label":"MY LABEL FOR BARBERS APP","level":"warn","message":"Barber login successfully","timestamp":"03-08-2025 20:20:5252"}
{"label":"MY LABEL FOR BARBERS APP","level":"info","message":"Appointment created successfully","timestamp":"03-08-2025 20:25:4040"}
{"label":"MY LABEL FOR BARBERS APP","level":"info","message":"Appointment created successfully","timestamp":"03-08-2025 20:25:4040"}
{"label":"MY LABEL FOR BARBERS APP","level":"info","message":"Appointment created successfully","timestamp":"03-08-2025 20:25:4040"}
{"label":"MY LABEL FOR BARBERS APP","level":"warn","message":"Appointment created successfully","timestamp":"03-08-2025 20:25:4040"}
{"label":"MY LABEL FOR BARBERS APP","level":"warn","message":"Appointment created successfully","timestamp":"03-08-2025 20:25:4040"}
{"label":"MY LABEL FOR BARBERS APP","level":"warn","message":"Appointment created successfully","timestamp":"03-08-2025 20:25:4040"}
{"label":"MY LABEL FOR BARBERS APP","level":"info","message":"Appointment deleted successfully","timestamp":"03-08-2025 20:27:5959"}
{"label":"MY LABEL FOR BARBERS APP","level":"info","message":"Appointment deleted successfully","timestamp":"03-08-2025 20:27:5959"}
{"label":"MY LABEL FOR BARBERS APP","level":"info","message":"Appointment deleted successfully","timestamp":"03-08-2025 20:27:5959"}
{"label":"MY LABEL FOR BARBERS APP","level":"warn","message":"Appointment deleted successfully","timestamp":"03-08-2025 20:27:5959"}
{"label":"MY LABEL FOR BARBERS APP","level":"warn","message":"Appointment deleted successfully","timestamp":"03-08-2025 20:27:5959"}
{"label":"MY LABEL FOR BARBERS APP","level":"warn","message":"Appointment deleted successfully","timestamp":"03-08-2025 20:27:5959"}
